e:\my.learning\c++.templates\part.4\chapter.21\debug\chapter.21.pch
e:\my.learning\c++.templates\part.4\chapter.21\debug\vc120.pdb
e:\my.learning\c++.templates\part.4\chapter.21\debug\vc120.idb
e:\my.learning\c++.templates\part.4\chapter.21\debug\stdafx.obj
e:\my.learning\c++.templates\part.4\chapter.21\debug\chapter.21.obj
e:\my.learning\c++.templates\debug\chapter.21.ilk
e:\my.learning\c++.templates\debug\chapter.21.exe
e:\my.learning\c++.templates\debug\chapter.21.pdb
f:\zrz.learning\c++.templates.learning\c++.templates\part.4\chapter.21\debug\chapter.21.obj
f:\zrz.learning\c++.templates.learning\c++.templates\part.4\chapter.21\debug\stdafx.obj
f:\zrz.learning\c++.templates.learning\c++.templates\part.4\chapter.21\debug\chapter.21.pch
f:\zrz.learning\c++.templates.learning\c++.templates\part.4\chapter.21\debug\vc120.idb
f:\zrz.learning\c++.templates.learning\c++.templates\part.4\chapter.21\debug\vc120.pdb
f:\zrz.learning\c++.templates.learning\c++.templates\debug\chapter.21.pdb
f:\zrz.learning\c++.templates.learning\c++.templates\debug\chapter.21.exe
f:\zrz.learning\c++.templates.learning\c++.templates\debug\chapter.21.ilk
f:\zrz.learning\c++.templates.learning\c++.templates\part.4\chapter.21\debug\chapter.21.tlog\cl.command.1.tlog
f:\zrz.learning\c++.templates.learning\c++.templates\part.4\chapter.21\debug\chapter.21.tlog\cl.read.1.tlog
f:\zrz.learning\c++.templates.learning\c++.templates\part.4\chapter.21\debug\chapter.21.tlog\cl.write.1.tlog
f:\zrz.learning\c++.templates.learning\c++.templates\part.4\chapter.21\debug\chapter.21.tlog\link.command.1.tlog
f:\zrz.learning\c++.templates.learning\c++.templates\part.4\chapter.21\debug\chapter.21.tlog\link.read.1.tlog
f:\zrz.learning\c++.templates.learning\c++.templates\part.4\chapter.21\debug\chapter.21.tlog\link.write.1.tlog
