e:\my.learning\c++.templates\part.2\chapter.11\debug\chapter.11.pch
e:\my.learning\c++.templates\part.2\chapter.11\debug\vc120.pdb
e:\my.learning\c++.templates\part.2\chapter.11\debug\vc120.idb
e:\my.learning\c++.templates\part.2\chapter.11\debug\stdafx.obj
e:\my.learning\c++.templates\part.2\chapter.11\debug\chapter.11.obj
e:\my.learning\c++.templates\part.2\chapter.11\debug\argumentcast.obj
e:\my.learning\c++.templates\part.2\chapter.11\debug\fppm.obj
e:\my.learning\c++.templates\debug\chapter.11.ilk
e:\my.learning\c++.templates\debug\chapter.11.exe
e:\my.learning\c++.templates\debug\chapter.11.pdb
f:\zrz.learning\c++.templates.learning\c++.templates\part.2\chapter.11\debug\argumentcast.obj
f:\zrz.learning\c++.templates.learning\c++.templates\part.2\chapter.11\debug\chapter.11.obj
f:\zrz.learning\c++.templates.learning\c++.templates\part.2\chapter.11\debug\fppm.obj
f:\zrz.learning\c++.templates.learning\c++.templates\part.2\chapter.11\debug\stdafx.obj
f:\zrz.learning\c++.templates.learning\c++.templates\part.2\chapter.11\debug\chapter.11.pch
f:\zrz.learning\c++.templates.learning\c++.templates\part.2\chapter.11\debug\vc120.idb
f:\zrz.learning\c++.templates.learning\c++.templates\part.2\chapter.11\debug\vc120.pdb
f:\zrz.learning\c++.templates.learning\c++.templates\debug\chapter.11.pdb
f:\zrz.learning\c++.templates.learning\c++.templates\debug\chapter.11.exe
f:\zrz.learning\c++.templates.learning\c++.templates\debug\chapter.11.ilk
f:\zrz.learning\c++.templates.learning\c++.templates\part.2\chapter.11\debug\chapter.11.tlog\cl.command.1.tlog
f:\zrz.learning\c++.templates.learning\c++.templates\part.2\chapter.11\debug\chapter.11.tlog\cl.read.1.tlog
f:\zrz.learning\c++.templates.learning\c++.templates\part.2\chapter.11\debug\chapter.11.tlog\cl.write.1.tlog
f:\zrz.learning\c++.templates.learning\c++.templates\part.2\chapter.11\debug\chapter.11.tlog\link.command.1.tlog
f:\zrz.learning\c++.templates.learning\c++.templates\part.2\chapter.11\debug\chapter.11.tlog\link.read.1.tlog
f:\zrz.learning\c++.templates.learning\c++.templates\part.2\chapter.11\debug\chapter.11.tlog\link.write.1.tlog
