e:\my.learning\c++.templates\c++.primer.plus\c++.primer.plus.six.edition\debug\c++.primer.plus.six.edition.pch
e:\my.learning\c++.templates\c++.primer.plus\c++.primer.plus.six.edition\debug\vc120.pdb
e:\my.learning\c++.templates\c++.primer.plus\c++.primer.plus.six.edition\debug\vc120.idb
e:\my.learning\c++.templates\c++.primer.plus\c++.primer.plus.six.edition\debug\stdafx.obj
e:\my.learning\c++.templates\c++.primer.plus\c++.primer.plus.six.edition\debug\c++.primer.plus.six.edition.obj
e:\my.learning\c++.templates\debug\c++.primer.plus.six.edition.ilk
e:\my.learning\c++.templates\debug\c++.primer.plus.six.edition.exe
e:\my.learning\c++.templates\debug\c++.primer.plus.six.edition.pdb
f:\zrz.learning\c++.templates.learning\c++.templates\c++.primer.plus\c++.primer.plus.six.edition\debug\c++.primer.plus.six.edition.obj
f:\zrz.learning\c++.templates.learning\c++.templates\c++.primer.plus\c++.primer.plus.six.edition\debug\stdafx.obj
f:\zrz.learning\c++.templates.learning\c++.templates\c++.primer.plus\c++.primer.plus.six.edition\debug\c++.primer.plus.six.edition.pch
f:\zrz.learning\c++.templates.learning\c++.templates\c++.primer.plus\c++.primer.plus.six.edition\debug\vc120.idb
f:\zrz.learning\c++.templates.learning\c++.templates\c++.primer.plus\c++.primer.plus.six.edition\debug\vc120.pdb
f:\zrz.learning\c++.templates.learning\c++.templates\debug\c++.primer.plus.six.edition.pdb
f:\zrz.learning\c++.templates.learning\c++.templates\debug\c++.primer.plus.six.edition.exe
f:\zrz.learning\c++.templates.learning\c++.templates\debug\c++.primer.plus.six.edition.ilk
f:\zrz.learning\c++.templates.learning\c++.templates\c++.primer.plus\c++.primer.plus.six.edition\debug\c++.prim.0e101187.tlog\cl.command.1.tlog
f:\zrz.learning\c++.templates.learning\c++.templates\c++.primer.plus\c++.primer.plus.six.edition\debug\c++.prim.0e101187.tlog\cl.read.1.tlog
f:\zrz.learning\c++.templates.learning\c++.templates\c++.primer.plus\c++.primer.plus.six.edition\debug\c++.prim.0e101187.tlog\cl.write.1.tlog
f:\zrz.learning\c++.templates.learning\c++.templates\c++.primer.plus\c++.primer.plus.six.edition\debug\c++.prim.0e101187.tlog\link.command.1.tlog
f:\zrz.learning\c++.templates.learning\c++.templates\c++.primer.plus\c++.primer.plus.six.edition\debug\c++.prim.0e101187.tlog\link.read.1.tlog
f:\zrz.learning\c++.templates.learning\c++.templates\c++.primer.plus\c++.primer.plus.six.edition\debug\c++.prim.0e101187.tlog\link.write.1.tlog
