e:\my.learning\c++.templates\part.1\chapter.04\debug\chapter.04.pch
e:\my.learning\c++.templates\part.1\chapter.04\debug\vc120.pdb
e:\my.learning\c++.templates\part.1\chapter.04\debug\vc120.idb
e:\my.learning\c++.templates\part.1\chapter.04\debug\stdafx.obj
e:\my.learning\c++.templates\part.1\chapter.04\debug\chapter.04.obj
e:\my.learning\c++.templates\debug\chapter.04.ilk
e:\my.learning\c++.templates\debug\chapter.04.exe
e:\my.learning\c++.templates\debug\chapter.04.pdb
f:\zrz.learning\c++.templates.learning\c++.templates\part.1\chapter.04\debug\chapter.04.obj
f:\zrz.learning\c++.templates.learning\c++.templates\part.1\chapter.04\debug\stdafx.obj
f:\zrz.learning\c++.templates.learning\c++.templates\part.1\chapter.04\debug\chapter.04.pch
f:\zrz.learning\c++.templates.learning\c++.templates\part.1\chapter.04\debug\vc120.idb
f:\zrz.learning\c++.templates.learning\c++.templates\part.1\chapter.04\debug\vc120.pdb
f:\zrz.learning\c++.templates.learning\c++.templates\debug\chapter.04.pdb
f:\zrz.learning\c++.templates.learning\c++.templates\debug\chapter.04.exe
f:\zrz.learning\c++.templates.learning\c++.templates\debug\chapter.04.ilk
f:\zrz.learning\c++.templates.learning\c++.templates\part.1\chapter.04\debug\chapter.04.tlog\cl.command.1.tlog
f:\zrz.learning\c++.templates.learning\c++.templates\part.1\chapter.04\debug\chapter.04.tlog\cl.read.1.tlog
f:\zrz.learning\c++.templates.learning\c++.templates\part.1\chapter.04\debug\chapter.04.tlog\cl.write.1.tlog
f:\zrz.learning\c++.templates.learning\c++.templates\part.1\chapter.04\debug\chapter.04.tlog\link.command.1.tlog
f:\zrz.learning\c++.templates.learning\c++.templates\part.1\chapter.04\debug\chapter.04.tlog\link.read.1.tlog
f:\zrz.learning\c++.templates.learning\c++.templates\part.1\chapter.04\debug\chapter.04.tlog\link.write.1.tlog
