e:\my.learning\c++.templates\part.2\chapter.08\debug\chapter.08.pch
e:\my.learning\c++.templates\part.2\chapter.08\debug\vc120.pdb
e:\my.learning\c++.templates\part.2\chapter.08\debug\vc120.idb
e:\my.learning\c++.templates\part.2\chapter.08\debug\stdafx.obj
e:\my.learning\c++.templates\part.2\chapter.08\debug\chapter.08.obj
e:\my.learning\c++.templates\debug\chapter.08.ilk
e:\my.learning\c++.templates\debug\chapter.08.exe
e:\my.learning\c++.templates\debug\chapter.08.pdb
f:\zrz.learning\c++.templates.learning\c++.templates\part.2\chapter.08\debug\chapter.08.obj
f:\zrz.learning\c++.templates.learning\c++.templates\part.2\chapter.08\debug\stdafx.obj
f:\zrz.learning\c++.templates.learning\c++.templates\part.2\chapter.08\debug\chapter.08.pch
f:\zrz.learning\c++.templates.learning\c++.templates\part.2\chapter.08\debug\vc120.idb
f:\zrz.learning\c++.templates.learning\c++.templates\part.2\chapter.08\debug\vc120.pdb
f:\zrz.learning\c++.templates.learning\c++.templates\debug\chapter.08.pdb
f:\zrz.learning\c++.templates.learning\c++.templates\debug\chapter.08.exe
f:\zrz.learning\c++.templates.learning\c++.templates\debug\chapter.08.ilk
f:\zrz.learning\c++.templates.learning\c++.templates\part.2\chapter.08\debug\chapter.08.tlog\cl.command.1.tlog
f:\zrz.learning\c++.templates.learning\c++.templates\part.2\chapter.08\debug\chapter.08.tlog\cl.read.1.tlog
f:\zrz.learning\c++.templates.learning\c++.templates\part.2\chapter.08\debug\chapter.08.tlog\cl.write.1.tlog
f:\zrz.learning\c++.templates.learning\c++.templates\part.2\chapter.08\debug\chapter.08.tlog\link.command.1.tlog
f:\zrz.learning\c++.templates.learning\c++.templates\part.2\chapter.08\debug\chapter.08.tlog\link.read.1.tlog
f:\zrz.learning\c++.templates.learning\c++.templates\part.2\chapter.08\debug\chapter.08.tlog\link.write.1.tlog
