e:\my.learning\c++.templates\part.1\chapter.03\debug\chapter.03.pch
e:\my.learning\c++.templates\part.1\chapter.03\debug\vc120.pdb
e:\my.learning\c++.templates\part.1\chapter.03\debug\vc120.idb
e:\my.learning\c++.templates\part.1\chapter.03\debug\stdafx.obj
e:\my.learning\c++.templates\part.1\chapter.03\debug\chapter.03.obj
e:\my.learning\c++.templates\debug\chapter.03.ilk
e:\my.learning\c++.templates\debug\chapter.03.exe
e:\my.learning\c++.templates\debug\chapter.03.pdb
f:\zrz.learning\c++.templates.learning\c++.templates\part.1\chapter.03\debug\chapter.03.obj
f:\zrz.learning\c++.templates.learning\c++.templates\part.1\chapter.03\debug\stdafx.obj
f:\zrz.learning\c++.templates.learning\c++.templates\part.1\chapter.03\debug\chapter.03.pch
f:\zrz.learning\c++.templates.learning\c++.templates\part.1\chapter.03\debug\vc120.idb
f:\zrz.learning\c++.templates.learning\c++.templates\part.1\chapter.03\debug\vc120.pdb
f:\zrz.learning\c++.templates.learning\c++.templates\debug\chapter.03.pdb
f:\zrz.learning\c++.templates.learning\c++.templates\debug\chapter.03.exe
f:\zrz.learning\c++.templates.learning\c++.templates\debug\chapter.03.ilk
f:\zrz.learning\c++.templates.learning\c++.templates\part.1\chapter.03\debug\chapter.03.tlog\cl.command.1.tlog
f:\zrz.learning\c++.templates.learning\c++.templates\part.1\chapter.03\debug\chapter.03.tlog\cl.read.1.tlog
f:\zrz.learning\c++.templates.learning\c++.templates\part.1\chapter.03\debug\chapter.03.tlog\cl.write.1.tlog
f:\zrz.learning\c++.templates.learning\c++.templates\part.1\chapter.03\debug\chapter.03.tlog\link.command.1.tlog
f:\zrz.learning\c++.templates.learning\c++.templates\part.1\chapter.03\debug\chapter.03.tlog\link.read.1.tlog
f:\zrz.learning\c++.templates.learning\c++.templates\part.1\chapter.03\debug\chapter.03.tlog\link.write.1.tlog
