e:\my.learning\c++.templates\part.3\chapter.16\debug\chapter.16.pch
e:\my.learning\c++.templates\part.3\chapter.16\debug\vc120.pdb
e:\my.learning\c++.templates\part.3\chapter.16\debug\vc120.idb
e:\my.learning\c++.templates\part.3\chapter.16\debug\stdafx.obj
e:\my.learning\c++.templates\part.3\chapter.16\debug\chapter.16.obj
e:\my.learning\c++.templates\debug\chapter.16.ilk
e:\my.learning\c++.templates\debug\chapter.16.exe
e:\my.learning\c++.templates\debug\chapter.16.pdb
f:\zrz.learning\c++.templates.learning\c++.templates\part.3\chapter.16\debug\chapter.16.obj
f:\zrz.learning\c++.templates.learning\c++.templates\part.3\chapter.16\debug\stdafx.obj
f:\zrz.learning\c++.templates.learning\c++.templates\part.3\chapter.16\debug\chapter.16.pch
f:\zrz.learning\c++.templates.learning\c++.templates\part.3\chapter.16\debug\vc120.idb
f:\zrz.learning\c++.templates.learning\c++.templates\part.3\chapter.16\debug\vc120.pdb
f:\zrz.learning\c++.templates.learning\c++.templates\debug\chapter.16.pdb
f:\zrz.learning\c++.templates.learning\c++.templates\debug\chapter.16.exe
f:\zrz.learning\c++.templates.learning\c++.templates\debug\chapter.16.ilk
f:\zrz.learning\c++.templates.learning\c++.templates\part.3\chapter.16\debug\chapter.16.tlog\cl.command.1.tlog
f:\zrz.learning\c++.templates.learning\c++.templates\part.3\chapter.16\debug\chapter.16.tlog\cl.read.1.tlog
f:\zrz.learning\c++.templates.learning\c++.templates\part.3\chapter.16\debug\chapter.16.tlog\cl.write.1.tlog
f:\zrz.learning\c++.templates.learning\c++.templates\part.3\chapter.16\debug\chapter.16.tlog\link.command.1.tlog
f:\zrz.learning\c++.templates.learning\c++.templates\part.3\chapter.16\debug\chapter.16.tlog\link.read.1.tlog
f:\zrz.learning\c++.templates.learning\c++.templates\part.3\chapter.16\debug\chapter.16.tlog\link.write.1.tlog
