Build started 2015/7/6 10:02:42.
     1>Project "F:\zrz.Learning\C++.Templates.Learning\C++.Templates\Part.2\Chapter.12\Chapter.12.vcxproj" on node 3 (Rebuild target(s)).
     1>ClCompile:
         C:\Program Files (x86)\Microsoft Visual Studio 12.0\VC\bin\CL.exe /c /ZI /nologo /W3 /WX- /sdl /Od /Oy- /D WIN32 /D _DEBUG /D _CONSOLE /D _LIB /D _UNICODE /D UNICODE /Gm /EHsc /RTC1 /MDd /GS /fp:precise /Zc:wchar_t /Zc:forScope /Yc"stdafx.h" /Fp"Debug\Chapter.12.pch" /Fo"Debug\\" /Fd"Debug\vc120.pdb" /Gd /TP /analyze- /errorReport:prompt stdafx.cpp
         stdafx.cpp
         C:\Program Files (x86)\Microsoft Visual Studio 12.0\VC\bin\CL.exe /c /ZI /nologo /W3 /WX- /sdl /Od /Oy- /D WIN32 /D _DEBUG /D _CONSOLE /D _LIB /D _UNICODE /D UNICODE /Gm /EHsc /RTC1 /MDd /GS /fp:precise /Zc:wchar_t /Zc:forScope /Yu"stdafx.h" /Fp"Debug\Chapter.12.pch" /Fo"Debug\\" /Fd"Debug\vc120.pdb" /Gd /TP /analyze- /errorReport:prompt Chapter.12.cpp Details\TemplateG1.cpp Details\TemplateG2.cpp Details\TransitionUnit1.cpp Details\TransitionUnit2.cpp
         TransitionUnit2.cpp
         TransitionUnit1.cpp
         TemplateG2.cpp
         TemplateG1.cpp
         Chapter.12.cpp
         Generating Code...
       Link:
         C:\Program Files (x86)\Microsoft Visual Studio 12.0\VC\bin\link.exe /ERRORREPORT:PROMPT /OUT:"F:\zrz.Learning\C++.Templates.Learning\C++.Templates\Debug\Chapter.12.exe" /INCREMENTAL /NOLOGO kernel32.lib user32.lib gdi32.lib winspool.lib comdlg32.lib advapi32.lib shell32.lib ole32.lib oleaut32.lib uuid.lib odbc32.lib odbccp32.lib /MANIFEST /MANIFESTUAC:"level='asInvoker' uiAccess='false'" /manifest:embed /DEBUG /PDB:"F:\zrz.Learning\C++.Templates.Learning\C++.Templates\Debug\Chapter.12.pdb" /SUBSYSTEM:CONSOLE /TLBID:1 /DYNAMICBASE /NXCOMPAT /IMPLIB:"F:\zrz.Learning\C++.Templates.Learning\C++.Templates\Debug\Chapter.12.lib" /MACHINE:X86 Debug\Chapter.12.obj
         Debug\TemplateG1.obj
         Debug\TemplateG2.obj
         Debug\TransitionUnit1.obj
         Debug\TransitionUnit2.obj
         Debug\stdafx.obj
         Chapter.12.vcxproj -> F:\zrz.Learning\C++.Templates.Learning\C++.Templates\Debug\Chapter.12.exe
     1>Done Building Project "F:\zrz.Learning\C++.Templates.Learning\C++.Templates\Part.2\Chapter.12\Chapter.12.vcxproj" (Rebuild target(s)).

Build succeeded.

Time Elapsed 00:00:01.77
