e:\my.learning\c++.templates\part.2\chapter.12\debug\chapter.12.pch
e:\my.learning\c++.templates\part.2\chapter.12\debug\vc120.pdb
e:\my.learning\c++.templates\part.2\chapter.12\debug\vc120.idb
e:\my.learning\c++.templates\part.2\chapter.12\debug\stdafx.obj
e:\my.learning\c++.templates\part.2\chapter.12\debug\chapter.12.obj
e:\my.learning\c++.templates\part.2\chapter.12\debug\templateg1.obj
e:\my.learning\c++.templates\part.2\chapter.12\debug\templateg2.obj
e:\my.learning\c++.templates\part.2\chapter.12\debug\transitionunit1.obj
e:\my.learning\c++.templates\part.2\chapter.12\debug\transitionunit2.obj
e:\my.learning\c++.templates\debug\chapter.12.ilk
e:\my.learning\c++.templates\debug\chapter.12.exe
e:\my.learning\c++.templates\debug\chapter.12.pdb
f:\zrz.learning\c++.templates.learning\c++.templates\part.2\chapter.12\debug\chapter.12.obj
f:\zrz.learning\c++.templates.learning\c++.templates\part.2\chapter.12\debug\stdafx.obj
f:\zrz.learning\c++.templates.learning\c++.templates\part.2\chapter.12\debug\templateg1.obj
f:\zrz.learning\c++.templates.learning\c++.templates\part.2\chapter.12\debug\templateg2.obj
f:\zrz.learning\c++.templates.learning\c++.templates\part.2\chapter.12\debug\transitionunit1.obj
f:\zrz.learning\c++.templates.learning\c++.templates\part.2\chapter.12\debug\transitionunit2.obj
f:\zrz.learning\c++.templates.learning\c++.templates\part.2\chapter.12\debug\chapter.12.pch
f:\zrz.learning\c++.templates.learning\c++.templates\part.2\chapter.12\debug\vc120.idb
f:\zrz.learning\c++.templates.learning\c++.templates\part.2\chapter.12\debug\vc120.pdb
f:\zrz.learning\c++.templates.learning\c++.templates\debug\chapter.12.pdb
f:\zrz.learning\c++.templates.learning\c++.templates\debug\chapter.12.exe
f:\zrz.learning\c++.templates.learning\c++.templates\debug\chapter.12.ilk
f:\zrz.learning\c++.templates.learning\c++.templates\part.2\chapter.12\debug\chapter.12.tlog\cl.command.1.tlog
f:\zrz.learning\c++.templates.learning\c++.templates\part.2\chapter.12\debug\chapter.12.tlog\cl.read.1.tlog
f:\zrz.learning\c++.templates.learning\c++.templates\part.2\chapter.12\debug\chapter.12.tlog\cl.write.1.tlog
f:\zrz.learning\c++.templates.learning\c++.templates\part.2\chapter.12\debug\chapter.12.tlog\link.command.1.tlog
f:\zrz.learning\c++.templates.learning\c++.templates\part.2\chapter.12\debug\chapter.12.tlog\link.read.1.tlog
f:\zrz.learning\c++.templates.learning\c++.templates\part.2\chapter.12\debug\chapter.12.tlog\link.write.1.tlog
