e:\my.learning\c++.templates\part.3\chapter.18\debug\chapter.18.pch
e:\my.learning\c++.templates\part.3\chapter.18\debug\vc120.pdb
e:\my.learning\c++.templates\part.3\chapter.18\debug\vc120.idb
e:\my.learning\c++.templates\part.3\chapter.18\debug\stdafx.obj
e:\my.learning\c++.templates\part.3\chapter.18\debug\chapter.18.obj
e:\my.learning\c++.templates\debug\chapter.18.ilk
e:\my.learning\c++.templates\debug\chapter.18.exe
e:\my.learning\c++.templates\debug\chapter.18.pdb
f:\zrz.learning\c++.templates.learning\c++.templates\part.3\chapter.18\debug\chapter.18.obj
f:\zrz.learning\c++.templates.learning\c++.templates\part.3\chapter.18\debug\stdafx.obj
f:\zrz.learning\c++.templates.learning\c++.templates\part.3\chapter.18\debug\chapter.18.pch
f:\zrz.learning\c++.templates.learning\c++.templates\part.3\chapter.18\debug\vc120.idb
f:\zrz.learning\c++.templates.learning\c++.templates\part.3\chapter.18\debug\vc120.pdb
f:\zrz.learning\c++.templates.learning\c++.templates\debug\chapter.18.pdb
f:\zrz.learning\c++.templates.learning\c++.templates\debug\chapter.18.exe
f:\zrz.learning\c++.templates.learning\c++.templates\debug\chapter.18.ilk
f:\zrz.learning\c++.templates.learning\c++.templates\part.3\chapter.18\debug\chapter.18.tlog\cl.command.1.tlog
f:\zrz.learning\c++.templates.learning\c++.templates\part.3\chapter.18\debug\chapter.18.tlog\cl.read.1.tlog
f:\zrz.learning\c++.templates.learning\c++.templates\part.3\chapter.18\debug\chapter.18.tlog\cl.write.1.tlog
f:\zrz.learning\c++.templates.learning\c++.templates\part.3\chapter.18\debug\chapter.18.tlog\link.command.1.tlog
f:\zrz.learning\c++.templates.learning\c++.templates\part.3\chapter.18\debug\chapter.18.tlog\link.read.1.tlog
f:\zrz.learning\c++.templates.learning\c++.templates\part.3\chapter.18\debug\chapter.18.tlog\link.write.1.tlog
