e:\my.learning\c++.templates\part.1\chapter.01\debug\chapter.01.pch
e:\my.learning\c++.templates\part.1\chapter.01\debug\vc120.pdb
e:\my.learning\c++.templates\part.1\chapter.01\debug\vc120.idb
e:\my.learning\c++.templates\part.1\chapter.01\debug\stdafx.obj
e:\my.learning\c++.templates\part.1\chapter.01\debug\chapter.01.obj
e:\my.learning\c++.templates\debug\chapter.01.ilk
e:\my.learning\c++.templates\debug\chapter.01.exe
e:\my.learning\c++.templates\debug\chapter.01.pdb
f:\zrz.learning\c++.templates.learning\c++.templates\part.1\chapter.01\debug\chapter.01.obj
f:\zrz.learning\c++.templates.learning\c++.templates\part.1\chapter.01\debug\stdafx.obj
f:\zrz.learning\c++.templates.learning\c++.templates\part.1\chapter.01\debug\chapter.01.pch
f:\zrz.learning\c++.templates.learning\c++.templates\part.1\chapter.01\debug\vc120.idb
f:\zrz.learning\c++.templates.learning\c++.templates\part.1\chapter.01\debug\vc120.pdb
f:\zrz.learning\c++.templates.learning\c++.templates\debug\chapter.01.pdb
f:\zrz.learning\c++.templates.learning\c++.templates\debug\chapter.01.exe
f:\zrz.learning\c++.templates.learning\c++.templates\debug\chapter.01.ilk
f:\zrz.learning\c++.templates.learning\c++.templates\part.1\chapter.01\debug\chapter.01.tlog\cl.command.1.tlog
f:\zrz.learning\c++.templates.learning\c++.templates\part.1\chapter.01\debug\chapter.01.tlog\cl.read.1.tlog
f:\zrz.learning\c++.templates.learning\c++.templates\part.1\chapter.01\debug\chapter.01.tlog\cl.write.1.tlog
f:\zrz.learning\c++.templates.learning\c++.templates\part.1\chapter.01\debug\chapter.01.tlog\link.command.1.tlog
f:\zrz.learning\c++.templates.learning\c++.templates\part.1\chapter.01\debug\chapter.01.tlog\link.read.1.tlog
f:\zrz.learning\c++.templates.learning\c++.templates\part.1\chapter.01\debug\chapter.01.tlog\link.write.1.tlog
