e:\my.learning\c++.templates\part.3\chapter.15\debug\chapter.15.pch
e:\my.learning\c++.templates\part.3\chapter.15\debug\vc120.pdb
e:\my.learning\c++.templates\part.3\chapter.15\debug\vc120.idb
e:\my.learning\c++.templates\part.3\chapter.15\debug\stdafx.obj
e:\my.learning\c++.templates\part.3\chapter.15\debug\chapter.15.obj
e:\my.learning\c++.templates\debug\chapter.15.ilk
e:\my.learning\c++.templates\debug\chapter.15.exe
e:\my.learning\c++.templates\debug\chapter.15.pdb
f:\zrz.learning\c++.templates.learning\c++.templates\part.3\chapter.15\debug\chapter.15.obj
f:\zrz.learning\c++.templates.learning\c++.templates\part.3\chapter.15\debug\stdafx.obj
f:\zrz.learning\c++.templates.learning\c++.templates\part.3\chapter.15\debug\chapter.15.pch
f:\zrz.learning\c++.templates.learning\c++.templates\part.3\chapter.15\debug\vc120.idb
f:\zrz.learning\c++.templates.learning\c++.templates\part.3\chapter.15\debug\vc120.pdb
f:\zrz.learning\c++.templates.learning\c++.templates\debug\chapter.15.pdb
f:\zrz.learning\c++.templates.learning\c++.templates\debug\chapter.15.exe
f:\zrz.learning\c++.templates.learning\c++.templates\debug\chapter.15.ilk
f:\zrz.learning\c++.templates.learning\c++.templates\part.3\chapter.15\debug\chapter.15.tlog\cl.command.1.tlog
f:\zrz.learning\c++.templates.learning\c++.templates\part.3\chapter.15\debug\chapter.15.tlog\cl.read.1.tlog
f:\zrz.learning\c++.templates.learning\c++.templates\part.3\chapter.15\debug\chapter.15.tlog\cl.write.1.tlog
f:\zrz.learning\c++.templates.learning\c++.templates\part.3\chapter.15\debug\chapter.15.tlog\link.command.1.tlog
f:\zrz.learning\c++.templates.learning\c++.templates\part.3\chapter.15\debug\chapter.15.tlog\link.read.1.tlog
f:\zrz.learning\c++.templates.learning\c++.templates\part.3\chapter.15\debug\chapter.15.tlog\link.write.1.tlog
