e:\my.learning\c++.templates\part.4\chapter.19\debug\chapter.19.pch
e:\my.learning\c++.templates\part.4\chapter.19\debug\vc120.pdb
e:\my.learning\c++.templates\part.4\chapter.19\debug\vc120.idb
e:\my.learning\c++.templates\part.4\chapter.19\debug\stdafx.obj
e:\my.learning\c++.templates\part.4\chapter.19\debug\chapter.19.obj
e:\my.learning\c++.templates\debug\chapter.19.ilk
e:\my.learning\c++.templates\debug\chapter.19.exe
e:\my.learning\c++.templates\debug\chapter.19.pdb
f:\zrz.learning\c++.templates.learning\c++.templates\part.4\chapter.19\debug\chapter.19.obj
f:\zrz.learning\c++.templates.learning\c++.templates\part.4\chapter.19\debug\stdafx.obj
f:\zrz.learning\c++.templates.learning\c++.templates\part.4\chapter.19\debug\chapter.19.pch
f:\zrz.learning\c++.templates.learning\c++.templates\part.4\chapter.19\debug\vc120.idb
f:\zrz.learning\c++.templates.learning\c++.templates\part.4\chapter.19\debug\vc120.pdb
f:\zrz.learning\c++.templates.learning\c++.templates\debug\chapter.19.pdb
f:\zrz.learning\c++.templates.learning\c++.templates\debug\chapter.19.exe
f:\zrz.learning\c++.templates.learning\c++.templates\debug\chapter.19.ilk
f:\zrz.learning\c++.templates.learning\c++.templates\part.4\chapter.19\debug\chapter.19.tlog\cl.command.1.tlog
f:\zrz.learning\c++.templates.learning\c++.templates\part.4\chapter.19\debug\chapter.19.tlog\cl.read.1.tlog
f:\zrz.learning\c++.templates.learning\c++.templates\part.4\chapter.19\debug\chapter.19.tlog\cl.write.1.tlog
f:\zrz.learning\c++.templates.learning\c++.templates\part.4\chapter.19\debug\chapter.19.tlog\link.command.1.tlog
f:\zrz.learning\c++.templates.learning\c++.templates\part.4\chapter.19\debug\chapter.19.tlog\link.read.1.tlog
f:\zrz.learning\c++.templates.learning\c++.templates\part.4\chapter.19\debug\chapter.19.tlog\link.write.1.tlog
