e:\my.learning\c++.templates\part.1\chapter.06\debug\chapter.06.pch
e:\my.learning\c++.templates\part.1\chapter.06\debug\vc120.pdb
e:\my.learning\c++.templates\part.1\chapter.06\debug\vc120.idb
e:\my.learning\c++.templates\part.1\chapter.06\debug\stdafx.obj
e:\my.learning\c++.templates\part.1\chapter.06\debug\chapter.06.obj
e:\my.learning\c++.templates\part.1\chapter.06\debug\shallowchecks.obj
e:\my.learning\c++.templates\part.1\chapter.06\debug\explicitinstantiation.obj
e:\my.learning\c++.templates\part.1\chapter.06\debug\myfirst3.obj
e:\my.learning\c++.templates\part.1\chapter.06\debug\tracer.obj
e:\my.learning\c++.templates\part.1\chapter.06\debug\tracertest.obj
e:\my.learning\c++.templates\debug\chapter.06.ilk
e:\my.learning\c++.templates\debug\chapter.06.exe
e:\my.learning\c++.templates\debug\chapter.06.pdb
f:\zrz.learning\c++.templates.learning\c++.templates\part.1\chapter.06\debug\chapter.06.obj
f:\zrz.learning\c++.templates.learning\c++.templates\part.1\chapter.06\debug\explicitinstantiation.obj
f:\zrz.learning\c++.templates.learning\c++.templates\part.1\chapter.06\debug\myfirst3.obj
f:\zrz.learning\c++.templates.learning\c++.templates\part.1\chapter.06\debug\shallowchecks.obj
f:\zrz.learning\c++.templates.learning\c++.templates\part.1\chapter.06\debug\stdafx.obj
f:\zrz.learning\c++.templates.learning\c++.templates\part.1\chapter.06\debug\tracer.obj
f:\zrz.learning\c++.templates.learning\c++.templates\part.1\chapter.06\debug\tracertest.obj
f:\zrz.learning\c++.templates.learning\c++.templates\part.1\chapter.06\debug\chapter.06.pch
f:\zrz.learning\c++.templates.learning\c++.templates\part.1\chapter.06\debug\vc120.idb
f:\zrz.learning\c++.templates.learning\c++.templates\part.1\chapter.06\debug\vc120.pdb
f:\zrz.learning\c++.templates.learning\c++.templates\debug\chapter.06.pdb
f:\zrz.learning\c++.templates.learning\c++.templates\debug\chapter.06.exe
f:\zrz.learning\c++.templates.learning\c++.templates\debug\chapter.06.ilk
f:\zrz.learning\c++.templates.learning\c++.templates\part.1\chapter.06\debug\chapter.06.tlog\cl.command.1.tlog
f:\zrz.learning\c++.templates.learning\c++.templates\part.1\chapter.06\debug\chapter.06.tlog\cl.read.1.tlog
f:\zrz.learning\c++.templates.learning\c++.templates\part.1\chapter.06\debug\chapter.06.tlog\cl.write.1.tlog
f:\zrz.learning\c++.templates.learning\c++.templates\part.1\chapter.06\debug\chapter.06.tlog\link.command.1.tlog
f:\zrz.learning\c++.templates.learning\c++.templates\part.1\chapter.06\debug\chapter.06.tlog\link.read.1.tlog
f:\zrz.learning\c++.templates.learning\c++.templates\part.1\chapter.06\debug\chapter.06.tlog\link.write.1.tlog
