e:\my.learning\c++.templates\part.2\chapter.09\debug\chapter.09.pch
e:\my.learning\c++.templates\part.2\chapter.09\debug\vc120.pdb
e:\my.learning\c++.templates\part.2\chapter.09\debug\vc120.idb
e:\my.learning\c++.templates\part.2\chapter.09\debug\stdafx.obj
e:\my.learning\c++.templates\part.2\chapter.09\debug\chapter.09.obj
e:\my.learning\c++.templates\part.2\chapter.09\debug\adl.obj
e:\my.learning\c++.templates\part.2\chapter.09\debug\inject.obj
e:\my.learning\c++.templates\debug\chapter.09.ilk
e:\my.learning\c++.templates\debug\chapter.09.exe
e:\my.learning\c++.templates\debug\chapter.09.pdb
f:\zrz.learning\c++.templates.learning\c++.templates\part.2\chapter.09\debug\adl.obj
f:\zrz.learning\c++.templates.learning\c++.templates\part.2\chapter.09\debug\chapter.09.obj
f:\zrz.learning\c++.templates.learning\c++.templates\part.2\chapter.09\debug\inject.obj
f:\zrz.learning\c++.templates.learning\c++.templates\part.2\chapter.09\debug\stdafx.obj
f:\zrz.learning\c++.templates.learning\c++.templates\part.2\chapter.09\debug\chapter.09.pch
f:\zrz.learning\c++.templates.learning\c++.templates\part.2\chapter.09\debug\vc120.idb
f:\zrz.learning\c++.templates.learning\c++.templates\part.2\chapter.09\debug\vc120.pdb
f:\zrz.learning\c++.templates.learning\c++.templates\debug\chapter.09.pdb
f:\zrz.learning\c++.templates.learning\c++.templates\debug\chapter.09.exe
f:\zrz.learning\c++.templates.learning\c++.templates\debug\chapter.09.ilk
f:\zrz.learning\c++.templates.learning\c++.templates\part.2\chapter.09\debug\chapter.09.tlog\cl.command.1.tlog
f:\zrz.learning\c++.templates.learning\c++.templates\part.2\chapter.09\debug\chapter.09.tlog\cl.read.1.tlog
f:\zrz.learning\c++.templates.learning\c++.templates\part.2\chapter.09\debug\chapter.09.tlog\cl.write.1.tlog
f:\zrz.learning\c++.templates.learning\c++.templates\part.2\chapter.09\debug\chapter.09.tlog\link.command.1.tlog
f:\zrz.learning\c++.templates.learning\c++.templates\part.2\chapter.09\debug\chapter.09.tlog\link.read.1.tlog
f:\zrz.learning\c++.templates.learning\c++.templates\part.2\chapter.09\debug\chapter.09.tlog\link.write.1.tlog
