e:\my.learning\c++.templates\part.3\chapter.17\debug\chapter.17.pch
e:\my.learning\c++.templates\part.3\chapter.17\debug\vc120.pdb
e:\my.learning\c++.templates\part.3\chapter.17\debug\vc120.idb
e:\my.learning\c++.templates\part.3\chapter.17\debug\stdafx.obj
e:\my.learning\c++.templates\part.3\chapter.17\debug\chapter.17.obj
e:\my.learning\c++.templates\debug\chapter.17.ilk
e:\my.learning\c++.templates\debug\chapter.17.exe
e:\my.learning\c++.templates\debug\chapter.17.pdb
f:\zrz.learning\c++.templates.learning\c++.templates\part.3\chapter.17\debug\chapter.17.obj
f:\zrz.learning\c++.templates.learning\c++.templates\part.3\chapter.17\debug\stdafx.obj
f:\zrz.learning\c++.templates.learning\c++.templates\part.3\chapter.17\debug\chapter.17.pch
f:\zrz.learning\c++.templates.learning\c++.templates\part.3\chapter.17\debug\vc120.idb
f:\zrz.learning\c++.templates.learning\c++.templates\part.3\chapter.17\debug\vc120.pdb
f:\zrz.learning\c++.templates.learning\c++.templates\debug\chapter.17.pdb
f:\zrz.learning\c++.templates.learning\c++.templates\debug\chapter.17.exe
f:\zrz.learning\c++.templates.learning\c++.templates\debug\chapter.17.ilk
f:\zrz.learning\c++.templates.learning\c++.templates\part.3\chapter.17\debug\chapter.17.tlog\cl.command.1.tlog
f:\zrz.learning\c++.templates.learning\c++.templates\part.3\chapter.17\debug\chapter.17.tlog\cl.read.1.tlog
f:\zrz.learning\c++.templates.learning\c++.templates\part.3\chapter.17\debug\chapter.17.tlog\cl.write.1.tlog
f:\zrz.learning\c++.templates.learning\c++.templates\part.3\chapter.17\debug\chapter.17.tlog\link.command.1.tlog
f:\zrz.learning\c++.templates.learning\c++.templates\part.3\chapter.17\debug\chapter.17.tlog\link.read.1.tlog
f:\zrz.learning\c++.templates.learning\c++.templates\part.3\chapter.17\debug\chapter.17.tlog\link.write.1.tlog
