e:\my.learning\c++.templates\part.2\chapter.10\debug\chapter.10.pch
e:\my.learning\c++.templates\part.2\chapter.10\debug\vc120.pdb
e:\my.learning\c++.templates\part.2\chapter.10\debug\vc120.idb
e:\my.learning\c++.templates\part.2\chapter.10\debug\stdafx.obj
e:\my.learning\c++.templates\part.2\chapter.10\debug\chapter.10.obj
e:\my.learning\c++.templates\debug\chapter.10.ilk
e:\my.learning\c++.templates\debug\chapter.10.exe
e:\my.learning\c++.templates\debug\chapter.10.pdb
f:\zrz.learning\c++.templates.learning\c++.templates\part.2\chapter.10\debug\chapter.10.obj
f:\zrz.learning\c++.templates.learning\c++.templates\part.2\chapter.10\debug\stdafx.obj
f:\zrz.learning\c++.templates.learning\c++.templates\part.2\chapter.10\debug\chapter.10.pch
f:\zrz.learning\c++.templates.learning\c++.templates\part.2\chapter.10\debug\vc120.idb
f:\zrz.learning\c++.templates.learning\c++.templates\part.2\chapter.10\debug\vc120.pdb
f:\zrz.learning\c++.templates.learning\c++.templates\debug\chapter.10.pdb
f:\zrz.learning\c++.templates.learning\c++.templates\debug\chapter.10.exe
f:\zrz.learning\c++.templates.learning\c++.templates\debug\chapter.10.ilk
f:\zrz.learning\c++.templates.learning\c++.templates\part.2\chapter.10\debug\chapter.10.tlog\cl.command.1.tlog
f:\zrz.learning\c++.templates.learning\c++.templates\part.2\chapter.10\debug\chapter.10.tlog\cl.read.1.tlog
f:\zrz.learning\c++.templates.learning\c++.templates\part.2\chapter.10\debug\chapter.10.tlog\cl.write.1.tlog
f:\zrz.learning\c++.templates.learning\c++.templates\part.2\chapter.10\debug\chapter.10.tlog\link.command.1.tlog
f:\zrz.learning\c++.templates.learning\c++.templates\part.2\chapter.10\debug\chapter.10.tlog\link.read.1.tlog
f:\zrz.learning\c++.templates.learning\c++.templates\part.2\chapter.10\debug\chapter.10.tlog\link.write.1.tlog
