e:\my.learning\c++.templates\part.2\chapter.13\debug\chapter.13.pch
e:\my.learning\c++.templates\part.2\chapter.13\debug\vc120.pdb
e:\my.learning\c++.templates\part.2\chapter.13\debug\vc120.idb
e:\my.learning\c++.templates\part.2\chapter.13\debug\stdafx.obj
e:\my.learning\c++.templates\part.2\chapter.13\debug\chapter.13.obj
e:\my.learning\c++.templates\debug\chapter.13.ilk
e:\my.learning\c++.templates\debug\chapter.13.exe
e:\my.learning\c++.templates\debug\chapter.13.pdb
f:\zrz.learning\c++.templates.learning\c++.templates\part.2\chapter.13\debug\chapter.13.obj
f:\zrz.learning\c++.templates.learning\c++.templates\part.2\chapter.13\debug\stdafx.obj
f:\zrz.learning\c++.templates.learning\c++.templates\part.2\chapter.13\debug\chapter.13.pch
f:\zrz.learning\c++.templates.learning\c++.templates\part.2\chapter.13\debug\vc120.idb
f:\zrz.learning\c++.templates.learning\c++.templates\part.2\chapter.13\debug\vc120.pdb
f:\zrz.learning\c++.templates.learning\c++.templates\debug\chapter.13.pdb
f:\zrz.learning\c++.templates.learning\c++.templates\debug\chapter.13.exe
f:\zrz.learning\c++.templates.learning\c++.templates\debug\chapter.13.ilk
f:\zrz.learning\c++.templates.learning\c++.templates\part.2\chapter.13\debug\chapter.13.tlog\cl.command.1.tlog
f:\zrz.learning\c++.templates.learning\c++.templates\part.2\chapter.13\debug\chapter.13.tlog\cl.read.1.tlog
f:\zrz.learning\c++.templates.learning\c++.templates\part.2\chapter.13\debug\chapter.13.tlog\cl.write.1.tlog
f:\zrz.learning\c++.templates.learning\c++.templates\part.2\chapter.13\debug\chapter.13.tlog\link.command.1.tlog
f:\zrz.learning\c++.templates.learning\c++.templates\part.2\chapter.13\debug\chapter.13.tlog\link.read.1.tlog
f:\zrz.learning\c++.templates.learning\c++.templates\part.2\chapter.13\debug\chapter.13.tlog\link.write.1.tlog
