Build started 2015/5/29 17:56:10.
     1>Project "F:\zrz.Learning\C++.Templates.Learning\CPlusPlusTemplates\Chapter.20\Chapter.20.vcxproj" on node 5 (Rebuild target(s)).
     1>ClCompile:
         C:\Program Files (x86)\Microsoft Visual Studio 12.0\VC\bin\CL.exe /c /ZI /nologo /W3 /WX- /sdl /Od /Oy- /D WIN32 /D _DEBUG /D _CONSOLE /D _LIB /D _UNICODE /D UNICODE /Gm /EHsc /RTC1 /MDd /GS /fp:precise /Zc:wchar_t /Zc:forScope /Yc"stdafx.h" /Fp"Debug\Chapter.20.pch" /Fo"Debug\\" /Fd"Debug\vc120.pdb" /Gd /TP /analyze- /errorReport:prompt stdafx.cpp
         stdafx.cpp
         C:\Program Files (x86)\Microsoft Visual Studio 12.0\VC\bin\CL.exe /c /ZI /nologo /W3 /WX- /sdl /Od /Oy- /D WIN32 /D _DEBUG /D _CONSOLE /D _LIB /D _UNICODE /D UNICODE /Gm /EHsc /RTC1 /MDd /GS /fp:precise /Zc:wchar_t /Zc:forScope /Yu"stdafx.h" /Fp"Debug\Chapter.20.pch" /Fo"Debug\\" /Fd"Debug\vc120.pdb" /Gd /TP /analyze- /errorReport:prompt AutoPointers\HolderTest.cpp AutoPointers\refmem2Test.cpp AutoPointers\TransferCapsuleTest.cpp Chapter.20.cpp
         Chapter.20.cpp
         TransferCapsuleTest.cpp
     1>f:\zrz.learning\c++.templates.learning\cplusplustemplates\chapter.20\autopointers\transfercapsule.h(35): warning C4521: 'TransferCapsule<Something>' : multiple copy constructors specified
                 f:\zrz.learning\c++.templates.learning\cplusplustemplates\chapter.20\autopointers\transfercapsuletest.cpp(10) : see reference to class template instantiation 'TransferCapsule<Something>' being compiled
         refmem2Test.cpp
         HolderTest.cpp
         Generating Code...
       Link:
         C:\Program Files (x86)\Microsoft Visual Studio 12.0\VC\bin\link.exe /ERRORREPORT:PROMPT /OUT:"F:\zrz.Learning\C++.Templates.Learning\CPlusPlusTemplates\Debug\Chapter.20.exe" /INCREMENTAL /NOLOGO kernel32.lib user32.lib gdi32.lib winspool.lib comdlg32.lib advapi32.lib shell32.lib ole32.lib oleaut32.lib uuid.lib odbc32.lib odbccp32.lib /MANIFEST /MANIFESTUAC:"level='asInvoker' uiAccess='false'" /manifest:embed /DEBUG /PDB:"F:\zrz.Learning\C++.Templates.Learning\CPlusPlusTemplates\Debug\Chapter.20.pdb" /SUBSYSTEM:CONSOLE /TLBID:1 /DYNAMICBASE /NXCOMPAT /IMPLIB:"F:\zrz.Learning\C++.Templates.Learning\CPlusPlusTemplates\Debug\Chapter.20.lib" /MACHINE:X86 Debug\HolderTest.obj
         Debug\refmem2Test.obj
         Debug\TransferCapsuleTest.obj
         Debug\Chapter.20.obj
         Debug\stdafx.obj
         Chapter.20.vcxproj -> F:\zrz.Learning\C++.Templates.Learning\CPlusPlusTemplates\Debug\Chapter.20.exe
     1>Done Building Project "F:\zrz.Learning\C++.Templates.Learning\CPlusPlusTemplates\Chapter.20\Chapter.20.vcxproj" (Rebuild target(s)).

Build succeeded.

Time Elapsed 00:00:00.91
