e:\my.learning\c++.templates\part.1\chapter.05\debug\chapter.05.pch
e:\my.learning\c++.templates\part.1\chapter.05\debug\vc120.pdb
e:\my.learning\c++.templates\part.1\chapter.05\debug\vc120.idb
e:\my.learning\c++.templates\part.1\chapter.05\debug\stdafx.obj
e:\my.learning\c++.templates\part.1\chapter.05\debug\chapter05.obj
e:\my.learning\c++.templates\debug\chapter.05.ilk
e:\my.learning\c++.templates\debug\chapter.05.exe
e:\my.learning\c++.templates\debug\chapter.05.pdb
f:\zrz.learning\c++.templates.learning\c++.templates\part.1\chapter.05\debug\chapter05.obj
f:\zrz.learning\c++.templates.learning\c++.templates\part.1\chapter.05\debug\stdafx.obj
f:\zrz.learning\c++.templates.learning\c++.templates\part.1\chapter.05\debug\chapter.05.pch
f:\zrz.learning\c++.templates.learning\c++.templates\part.1\chapter.05\debug\vc120.idb
f:\zrz.learning\c++.templates.learning\c++.templates\part.1\chapter.05\debug\vc120.pdb
f:\zrz.learning\c++.templates.learning\c++.templates\debug\chapter.05.pdb
f:\zrz.learning\c++.templates.learning\c++.templates\debug\chapter.05.exe
f:\zrz.learning\c++.templates.learning\c++.templates\debug\chapter.05.ilk
f:\zrz.learning\c++.templates.learning\c++.templates\part.1\chapter.05\debug\chapter.05.tlog\cl.command.1.tlog
f:\zrz.learning\c++.templates.learning\c++.templates\part.1\chapter.05\debug\chapter.05.tlog\cl.read.1.tlog
f:\zrz.learning\c++.templates.learning\c++.templates\part.1\chapter.05\debug\chapter.05.tlog\cl.write.1.tlog
f:\zrz.learning\c++.templates.learning\c++.templates\part.1\chapter.05\debug\chapter.05.tlog\link.command.1.tlog
f:\zrz.learning\c++.templates.learning\c++.templates\part.1\chapter.05\debug\chapter.05.tlog\link.read.1.tlog
f:\zrz.learning\c++.templates.learning\c++.templates\part.1\chapter.05\debug\chapter.05.tlog\link.write.1.tlog
