e:\my.learning\c++.templates\part.3\chapter.14\debug\chapter.14.pch
e:\my.learning\c++.templates\part.3\chapter.14\debug\vc120.pdb
e:\my.learning\c++.templates\part.3\chapter.14\debug\vc120.idb
e:\my.learning\c++.templates\part.3\chapter.14\debug\stdafx.obj
e:\my.learning\c++.templates\part.3\chapter.14\debug\chapter.14.obj
e:\my.learning\c++.templates\part.3\chapter.14\debug\dynapoly.obj
e:\my.learning\c++.templates\debug\chapter.14.ilk
e:\my.learning\c++.templates\debug\chapter.14.exe
e:\my.learning\c++.templates\debug\chapter.14.pdb
f:\zrz.learning\c++.templates.learning\c++.templates\part.3\chapter.14\debug\chapter.14.obj
f:\zrz.learning\c++.templates.learning\c++.templates\part.3\chapter.14\debug\dynapoly.obj
f:\zrz.learning\c++.templates.learning\c++.templates\part.3\chapter.14\debug\stdafx.obj
f:\zrz.learning\c++.templates.learning\c++.templates\part.3\chapter.14\debug\chapter.14.pch
f:\zrz.learning\c++.templates.learning\c++.templates\part.3\chapter.14\debug\vc120.idb
f:\zrz.learning\c++.templates.learning\c++.templates\part.3\chapter.14\debug\vc120.pdb
f:\zrz.learning\c++.templates.learning\c++.templates\debug\chapter.14.pdb
f:\zrz.learning\c++.templates.learning\c++.templates\debug\chapter.14.exe
f:\zrz.learning\c++.templates.learning\c++.templates\debug\chapter.14.ilk
f:\zrz.learning\c++.templates.learning\c++.templates\part.3\chapter.14\debug\chapter.14.tlog\cl.command.1.tlog
f:\zrz.learning\c++.templates.learning\c++.templates\part.3\chapter.14\debug\chapter.14.tlog\cl.read.1.tlog
f:\zrz.learning\c++.templates.learning\c++.templates\part.3\chapter.14\debug\chapter.14.tlog\cl.write.1.tlog
f:\zrz.learning\c++.templates.learning\c++.templates\part.3\chapter.14\debug\chapter.14.tlog\link.command.1.tlog
f:\zrz.learning\c++.templates.learning\c++.templates\part.3\chapter.14\debug\chapter.14.tlog\link.read.1.tlog
f:\zrz.learning\c++.templates.learning\c++.templates\part.3\chapter.14\debug\chapter.14.tlog\link.write.1.tlog
